[debug] [2022-06-22T16:56:30.790Z] ----------------------------------------------------------------------
[debug] [2022-06-22T16:56:30.791Z] Command:       C:\Program Files\nodejs\node.exe C:\Users\mbers\AppData\Roaming\npm\node_modules\firebase-tools\lib\bin\firebase.js init
[debug] [2022-06-22T16:56:30.792Z] CLI Version:   11.0.1
[debug] [2022-06-22T16:56:30.792Z] Platform:      win32
[debug] [2022-06-22T16:56:30.792Z] Node Version:  v16.13.1
[debug] [2022-06-22T16:56:30.793Z] Time:          Wed Jun 22 2022 19:56:30 GMT+0300 (Москва, стандартное время)
[debug] [2022-06-22T16:56:30.793Z] ----------------------------------------------------------------------
[debug] 
[debug] [2022-06-22T16:56:30.796Z] >>> [apiv2][query] GET https://firebase-public.firebaseio.com/cli.json [none]
[debug] [2022-06-22T16:56:30.886Z] > command requires scopes: ["email","openid","https://www.googleapis.com/auth/cloudplatformprojects.readonly","https://www.googleapis.com/auth/firebase","https://www.googleapis.com/auth/cloud-platform"]
[debug] [2022-06-22T16:56:30.886Z] > authorizing via signed-in user (lux.retail.hosting@gmail.com)
[info] 
     ######## #### ########  ######## ########     ###     ######  ########
     ##        ##  ##     ## ##       ##     ##  ##   ##  ##       ##
     ######    ##  ########  ######   ########  #########  ######  ######
     ##        ##  ##    ##  ##       ##     ## ##     ##       ## ##
     ##       #### ##     ## ######## ########  ##     ##  ######  ########

You're about to initialize a Firebase project in this directory:

  C:\Users\mbers\Desktop\retail

Before we get started, keep in mind:

  * You are initializing within an existing Firebase project directory

[debug] [2022-06-22T16:56:31.443Z] <<< [apiv2][status] GET https://firebase-public.firebaseio.com/cli.json 200
[debug] [2022-06-22T16:56:31.443Z] <<< [apiv2][body] GET https://firebase-public.firebaseio.com/cli.json {"cloudBuildErrorAfter":1594252800000,"cloudBuildWarnAfter":1590019200000,"defaultNode10After":1594252800000,"minVersion":"3.0.5","node8DeploysDisabledAfter":1613390400000,"node8RuntimeDisabledAfter":1615809600000,"node8WarnAfter":1600128000000}
